make -C limine
make[1]: Entrando no diretório '/mnt/c/Users/wsric/GitHub/MS-DOS/limine'

make[1]: Nada a ser feito para 'all'. 
make[1]: Saindo do diretório '/mnt/c/Users/wsric/GitHub/MS-DOS/limine'

ld -nostdlib -z max-page-size=0x1000 -static -no-pie -T linker.ld src/kernel/main.o src/hal/vga.o src/hal/gdt.o src/hal/idt.o src/hal/pic.o src/hal/keyboard.o src/kernel/pmm.o src/kernel/vmm.o src/kernel/heap.o src/kernel/tarfs.o src/hal/ata.o src/tools/editor.o src/tools/lisp.o src/kernel/fat16.o src/hal/acpi.o src/hal/pci.o src/hal/usb.o src/kernel/string.o src/kernel/syscall.o src/kernel/process.o src/hal/interrupts.o src/kernel/syscall_asm.o -o kernel.elf
rm -rf iso_root
mkdir -p iso_root
cp kernel.elf limine.conf ramdisk.tar limine/limine-bios.sys limine/limine-bios-cd.bin limine/limine-uefi-cd.bin iso_root/
mkdir -p iso_root/EFI/BOOT
cp limine/BOOTX64.EFI iso_root/EFI/BOOT/
cp limine/BOOTIA32.EFI iso_root/EFI/BOOT/
xorriso -as mkisofs -b limine-bios-cd.bin -no-emul-boot -boot-load-size 4 -boot-info-table --efi-boot limine-uefi-cd.bin -efi-boot-part --efi-boot-image --protective-msdos-label iso_root -o msdos-lisp.iso
xorriso 1.5.6 : RockRidge filesystem manipulator, libburnia project.

Drive current: -outdev 'stdio:msdos-lisp.iso'
Media current: stdio file, overwriteable
Media status : is blank
Media summary: 0 sessions, 0 data blocks, 0 data,  242g free
Added to ISO image: directory '/'='/mnt/c/Users/wsric/GitHub/MS-DOS/iso_root'
xorriso : UPDATE :      10 files added in 1 seconds
xorriso : UPDATE :      10 files added in 1 seconds

UNIX-SIGNAL:  SIGHUP  errno= 95
xorriso : ABORT : Trying to shut down busy drives
xorriso : ABORT : Wait the normal burning time before any kill -9
make: ** Apagando arquivo 'msdos-lisp.iso'
xorriso : ABORT : Drive is released and library is shut down now.
xorriso : ABORT : Program done. Even if you do not see a shell prompt.

make: *** [Makefile:48: msdos-lisp.iso] Error 1
